{"contracts\\OTC.sol":{"l":{"29":16,"30":14,"31":12,"32":12,"33":12,"34":12,"39":32,"40":20,"41":18,"42":16,"43":14,"44":3,"46":14,"47":14,"48":14,"49":14,"50":8,"51":8,"53":6,"59":10,"60":6,"61":4,"62":4,"63":4,"64":4},"path":"C:\\Users\\yashk\\Documents\\Programming\\Solidity\\OTC\\contracts\\OTC.sol","s":{"1":16,"2":14,"3":12,"4":12,"5":12,"6":12,"7":32,"8":20,"9":18,"10":16,"11":14,"12":3,"13":14,"14":14,"15":14,"16":14,"17":8,"18":6,"19":10,"20":6,"21":4,"22":4,"23":4},"b":{"1":[14,2],"2":[12,2],"3":[20,12],"4":[18,2],"5":[16,2],"6":[14,2],"7":[3,11],"8":[8,6],"9":[6,4],"10":[4,2]},"f":{"1":16,"2":32,"3":10},"fnMap":{"1":{"name":"createTrade","line":28,"loc":{"start":{"line":28,"column":4},"end":{"line":35,"column":4}}},"2":{"name":"fillTrade","line":38,"loc":{"start":{"line":38,"column":4},"end":{"line":55,"column":4}}},"3":{"name":"cancelTrade","line":58,"loc":{"start":{"line":58,"column":4},"end":{"line":65,"column":4}}}},"statementMap":{"1":{"start":{"line":29,"column":8},"end":{"line":29,"column":87}},"2":{"start":{"line":30,"column":8},"end":{"line":30,"column":104}},"3":{"start":{"line":31,"column":8},"end":{"line":31,"column":70}},"4":{"start":{"line":32,"column":8},"end":{"line":32,"column":109}},"5":{"start":{"line":33,"column":8},"end":{"line":33,"column":50}},"6":{"start":{"line":34,"column":8},"end":{"line":34,"column":23}},"7":{"start":{"line":39,"column":8},"end":{"line":39,"column":79}},"8":{"start":{"line":40,"column":8},"end":{"line":40,"column":73}},"9":{"start":{"line":41,"column":8},"end":{"line":41,"column":101}},"10":{"start":{"line":42,"column":8},"end":{"line":42,"column":118}},"11":{"start":{"line":43,"column":8},"end":{"line":43,"column":1819}},"12":{"start":{"line":44,"column":12},"end":{"line":44,"column":59}},"13":{"start":{"line":46,"column":8},"end":{"line":46,"column":56}},"14":{"start":{"line":47,"column":8},"end":{"line":47,"column":94}},"15":{"start":{"line":48,"column":8},"end":{"line":48,"column":121}},"16":{"start":{"line":49,"column":8},"end":{"line":49,"column":2234}},"17":{"start":{"line":51,"column":12},"end":{"line":51,"column":66}},"18":{"start":{"line":53,"column":12},"end":{"line":53,"column":70}},"19":{"start":{"line":59,"column":8},"end":{"line":59,"column":79}},"20":{"start":{"line":60,"column":8},"end":{"line":60,"column":72}},"21":{"start":{"line":61,"column":8},"end":{"line":61,"column":44}},"22":{"start":{"line":62,"column":8},"end":{"line":62,"column":116}},"23":{"start":{"line":63,"column":8},"end":{"line":63,"column":55}}},"branchMap":{"1":{"line":29,"type":"if","locations":[{"start":{"line":29,"column":8},"end":{"line":29,"column":8}},{"start":{"line":29,"column":8},"end":{"line":29,"column":8}}]},"2":{"line":30,"type":"if","locations":[{"start":{"line":30,"column":8},"end":{"line":30,"column":8}},{"start":{"line":30,"column":8},"end":{"line":30,"column":8}}]},"3":{"line":39,"type":"if","locations":[{"start":{"line":39,"column":8},"end":{"line":39,"column":8}},{"start":{"line":39,"column":8},"end":{"line":39,"column":8}}]},"4":{"line":40,"type":"if","locations":[{"start":{"line":40,"column":8},"end":{"line":40,"column":8}},{"start":{"line":40,"column":8},"end":{"line":40,"column":8}}]},"5":{"line":41,"type":"if","locations":[{"start":{"line":41,"column":8},"end":{"line":41,"column":8}},{"start":{"line":41,"column":8},"end":{"line":41,"column":8}}]},"6":{"line":42,"type":"if","locations":[{"start":{"line":42,"column":8},"end":{"line":42,"column":8}},{"start":{"line":42,"column":8},"end":{"line":42,"column":8}}]},"7":{"line":43,"type":"if","locations":[{"start":{"line":43,"column":8},"end":{"line":43,"column":8}},{"start":{"line":43,"column":8},"end":{"line":43,"column":8}}]},"8":{"line":49,"type":"if","locations":[{"start":{"line":49,"column":8},"end":{"line":49,"column":8}},{"start":{"line":49,"column":8},"end":{"line":49,"column":8}}]},"9":{"line":59,"type":"if","locations":[{"start":{"line":59,"column":8},"end":{"line":59,"column":8}},{"start":{"line":59,"column":8},"end":{"line":59,"column":8}}]},"10":{"line":60,"type":"if","locations":[{"start":{"line":60,"column":8},"end":{"line":60,"column":8}},{"start":{"line":60,"column":8},"end":{"line":60,"column":8}}]}}},"contracts\\USDC.sol":{"l":{"8":3},"path":"C:\\Users\\yashk\\Documents\\Programming\\Solidity\\OTC\\contracts\\USDC.sol","s":{"1":3},"b":{},"f":{"1":3},"fnMap":{"1":{"name":"constructor","line":7,"loc":{"start":{"line":7,"column":4},"end":{"line":9,"column":4}}}},"statementMap":{"1":{"start":{"line":8,"column":8},"end":{"line":8,"column":39}}},"branchMap":{}},"contracts\\WETH.sol":{"l":{"8":3},"path":"C:\\Users\\yashk\\Documents\\Programming\\Solidity\\OTC\\contracts\\WETH.sol","s":{"1":3},"b":{},"f":{"1":3},"fnMap":{"1":{"name":"constructor","line":7,"loc":{"start":{"line":7,"column":4},"end":{"line":9,"column":4}}}},"statementMap":{"1":{"start":{"line":8,"column":8},"end":{"line":8,"column":39}}},"branchMap":{}}}