TN:
SF:C:\Users\yashk\Documents\Programming\Solidity\OTC\contracts\OTC.sol
FN:28,createTrade
FN:38,fillTrade
FN:58,cancelTrade
FNF:3
FNH:3
FNDA:16,createTrade
FNDA:32,fillTrade
FNDA:10,cancelTrade
DA:29,16
DA:30,14
DA:31,12
DA:32,12
DA:33,12
DA:34,12
DA:39,32
DA:40,20
DA:41,18
DA:42,16
DA:43,14
DA:44,3
DA:46,14
DA:47,14
DA:48,14
DA:49,14
DA:50,8
DA:51,8
DA:53,6
DA:59,10
DA:60,6
DA:61,4
DA:62,4
DA:63,4
DA:64,4
LF:25
LH:25
BRDA:29,1,0,14
BRDA:29,1,1,2
BRDA:30,2,0,12
BRDA:30,2,1,2
BRDA:39,3,0,20
BRDA:39,3,1,12
BRDA:40,4,0,18
BRDA:40,4,1,2
BRDA:41,5,0,16
BRDA:41,5,1,2
BRDA:42,6,0,14
BRDA:42,6,1,2
BRDA:43,7,0,3
BRDA:43,7,1,11
BRDA:49,8,0,8
BRDA:49,8,1,6
BRDA:59,9,0,6
BRDA:59,9,1,4
BRDA:60,10,0,4
BRDA:60,10,1,2
BRF:20
BRH:20
end_of_record
TN:
SF:C:\Users\yashk\Documents\Programming\Solidity\OTC\contracts\USDC.sol
FN:7,constructor
FNF:1
FNH:1
FNDA:3,constructor
DA:8,3
LF:1
LH:1
BRF:0
BRH:0
end_of_record
TN:
SF:C:\Users\yashk\Documents\Programming\Solidity\OTC\contracts\WETH.sol
FN:7,constructor
FNF:1
FNH:1
FNDA:3,constructor
DA:8,3
LF:1
LH:1
BRF:0
BRH:0
end_of_record
